  [1m[36mSQL (0.2ms)[0m  [1m SELECT name
 FROM sqlite_master
 WHERE type = 'table' AND NOT name = 'sqlite_sequence'
[0m
  [1m[35mSQL (0.1ms)[0m  select sqlite_version(*)
  [1m[36mSQL (1.7ms)[0m  [1mCREATE TABLE "schema_migrations" ("version" varchar(255) NOT NULL) [0m
  [1m[35mSQL (0.0ms)[0m  PRAGMA index_list("schema_migrations")
  [1m[36mSQL (1.1ms)[0m  [1mCREATE UNIQUE INDEX "unique_schema_migrations" ON "schema_migrations" ("version")[0m
  [1m[35mSQL (0.1ms)[0m   SELECT name
 FROM sqlite_master
 WHERE type = 'table' AND NOT name = 'sqlite_sequence'
  [1m[36mSQL (0.3ms)[0m  [1m SELECT name
 FROM sqlite_master
 WHERE type = 'table' AND NOT name = 'sqlite_sequence'
[0m
  [1m[35mSQL (0.1ms)[0m  SELECT "schema_migrations"."version" FROM "schema_migrations"
Migrating to CreateCategories (20101119222400)
  [1m[36mSQL (0.5ms)[0m  [1mCREATE TABLE "categories" ("id" INTEGER PRIMARY KEY AUTOINCREMENT NOT NULL, "name" varchar(255), "description" text, "created_at" datetime, "updated_at" datetime) [0m
  [1m[35mSQL (0.1ms)[0m  INSERT INTO "schema_migrations" ("version") VALUES ('20101119222400')
  [1m[36mSQL (0.2ms)[0m  [1m SELECT name
 FROM sqlite_master
 WHERE type = 'table' AND NOT name = 'sqlite_sequence'
[0m
  [1m[35mSQL (0.1ms)[0m  SELECT "schema_migrations"."version" FROM "schema_migrations"
  [1m[36mSQL (0.1ms)[0m  [1m SELECT name
 FROM sqlite_master
 WHERE type = 'table' AND NOT name = 'sqlite_sequence'
[0m
  [1m[35mSQL (0.0ms)[0m  PRAGMA index_list("categories")


Started GET "/categories" for 127.0.0.1 at Fri Nov 19 23:24:27 +0100 2010
  Processing by CategoriesController#index as HTML
  [1m[36mSQL (0.4ms)[0m  [1m SELECT name
 FROM sqlite_master
 WHERE type = 'table' AND NOT name = 'sqlite_sequence'
[0m
  [1m[35mCategory Load (0.1ms)[0m  SELECT "categories".* FROM "categories"
Rendered categories/index.html.erb within layouts/application (2.9ms)
Completed 200 OK in 49ms (Views: 9.5ms | ActiveRecord: 0.4ms)


Started GET "/categories/new" for 127.0.0.1 at Fri Nov 19 23:24:30 +0100 2010
  Processing by CategoriesController#new as HTML
Rendered categories/_form.html.erb (62.1ms)
Rendered categories/new.html.erb within layouts/application (67.1ms)
Completed 200 OK in 77ms (Views: 73.0ms | ActiveRecord: 0.0ms)


Started POST "/categories" for 127.0.0.1 at Fri Nov 19 23:24:42 +0100 2010
  Processing by CategoriesController#create as HTML
  Parameters: {"commit"=>"Create Category", "category"=>{"name"=>"Technology", "description"=>""}, "authenticity_token"=>"S9uDf5Fm+ghdnaO80Y+xtuUyYh4yOf/paMV3npSbkww=", "utf8"=>"✓"}
  [1m[36mSQL (0.5ms)[0m  [1mINSERT INTO "categories" ("created_at", "description", "name", "updated_at") VALUES ('2010-11-19 22:24:42.476768', '', 'Technology', '2010-11-19 22:24:42.476768')[0m
Redirected to http://localhost:3000/categories/1
Completed 302 Found in 36ms


Started GET "/categories/1" for 127.0.0.1 at Fri Nov 19 23:24:42 +0100 2010
  Processing by CategoriesController#show as HTML
  Parameters: {"id"=>"1"}
  [1m[35mCategory Load (0.2ms)[0m  SELECT "categories".* FROM "categories" WHERE ("categories"."id" = 1) LIMIT 1
Rendered categories/show.html.erb within layouts/application (6.0ms)
Completed 200 OK in 20ms (Views: 12.0ms | ActiveRecord: 0.6ms)


Started GET "/categories" for 127.0.0.1 at Fri Nov 19 23:24:47 +0100 2010
  Processing by CategoriesController#index as HTML
  [1m[36mCategory Load (0.4ms)[0m  [1mSELECT "categories".* FROM "categories"[0m
Rendered categories/index.html.erb within layouts/application (7.1ms)
Completed 200 OK in 18ms (Views: 12.7ms | ActiveRecord: 0.4ms)


Started GET "/categories/new" for 127.0.0.1 at Fri Nov 19 23:24:48 +0100 2010
  Processing by CategoriesController#new as HTML
Rendered categories/_form.html.erb (6.0ms)
Rendered categories/new.html.erb within layouts/application (9.7ms)
Completed 200 OK in 20ms (Views: 15.3ms | ActiveRecord: 0.0ms)


Started POST "/categories" for 127.0.0.1 at Fri Nov 19 23:24:56 +0100 2010
  Processing by CategoriesController#create as HTML
  Parameters: {"commit"=>"Create Category", "category"=>{"name"=>"Clothes", "description"=>""}, "authenticity_token"=>"S9uDf5Fm+ghdnaO80Y+xtuUyYh4yOf/paMV3npSbkww=", "utf8"=>"✓"}
  [1m[35mSQL (0.3ms)[0m  INSERT INTO "categories" ("created_at", "description", "name", "updated_at") VALUES ('2010-11-19 22:24:56.929433', '', 'Clothes', '2010-11-19 22:24:56.929433')
Redirected to http://localhost:3000/categories/2
Completed 302 Found in 15ms


Started GET "/categories/2" for 127.0.0.1 at Fri Nov 19 23:24:56 +0100 2010
  Processing by CategoriesController#show as HTML
  Parameters: {"id"=>"2"}
  [1m[36mCategory Load (0.2ms)[0m  [1mSELECT "categories".* FROM "categories" WHERE ("categories"."id" = 2) LIMIT 1[0m
Rendered categories/show.html.erb within layouts/application (5.7ms)
Completed 200 OK in 18ms (Views: 11.5ms | ActiveRecord: 0.5ms)


Started GET "/categories" for 127.0.0.1 at Fri Nov 19 23:25:06 +0100 2010
  Processing by CategoriesController#index as HTML
  [1m[35mCategory Load (0.4ms)[0m  SELECT "categories".* FROM "categories"
Rendered categories/index.html.erb within layouts/application (8.3ms)
Completed 200 OK in 20ms (Views: 13.9ms | ActiveRecord: 0.4ms)


Started POST "/categories/1" for 127.0.0.1 at Fri Nov 19 23:27:48 +0100 2010
  Processing by CategoriesController#destroy as HTML
  Parameters: {"authenticity_token"=>"S9uDf5Fm+ghdnaO80Y+xtuUyYh4yOf/paMV3npSbkww=", "id"=>"1"}
  [1m[36mCategory Load (0.1ms)[0m  [1mSELECT "categories".* FROM "categories" WHERE ("categories"."id" = 1) LIMIT 1[0m
  [1m[35mSQL (0.3ms)[0m  DELETE FROM "categories" WHERE ("categories"."id" = 1)
Redirected to http://localhost:3000/categories
Completed 302 Found in 13ms


Started GET "/categories" for 127.0.0.1 at Fri Nov 19 23:27:48 +0100 2010
  Processing by CategoriesController#index as HTML
  [1m[36mCategory Load (0.3ms)[0m  [1mSELECT "categories".* FROM "categories"[0m
Rendered categories/index.html.erb within layouts/application (7.0ms)
Completed 200 OK in 19ms (Views: 12.9ms | ActiveRecord: 0.8ms)


Started POST "/categories/2" for 127.0.0.1 at Fri Nov 19 23:27:51 +0100 2010
  Processing by CategoriesController#destroy as HTML
  Parameters: {"authenticity_token"=>"S9uDf5Fm+ghdnaO80Y+xtuUyYh4yOf/paMV3npSbkww=", "id"=>"2"}
  [1m[35mCategory Load (0.2ms)[0m  SELECT "categories".* FROM "categories" WHERE ("categories"."id" = 2) LIMIT 1
  [1m[36mSQL (0.3ms)[0m  [1mDELETE FROM "categories" WHERE ("categories"."id" = 2)[0m
Redirected to http://localhost:3000/categories
Completed 302 Found in 13ms


Started GET "/categories" for 127.0.0.1 at Fri Nov 19 23:27:51 +0100 2010
  Processing by CategoriesController#index as HTML
  [1m[35mCategory Load (0.3ms)[0m  SELECT "categories".* FROM "categories"
Rendered categories/index.html.erb within layouts/application (2.5ms)
Completed 200 OK in 13ms (Views: 8.1ms | ActiveRecord: 0.7ms)


Started GET "/categories/new" for 127.0.0.1 at Fri Nov 19 23:29:21 +0100 2010
  Processing by CategoriesController#new as HTML
Rendered categories/_form.html.erb (5.8ms)
Rendered categories/new.html.erb within layouts/application (9.6ms)
Completed 200 OK in 20ms (Views: 15.2ms | ActiveRecord: 0.0ms)


Started POST "/categories" for 127.0.0.1 at Fri Nov 19 23:29:23 +0100 2010
  Processing by CategoriesController#create as HTML
  Parameters: {"commit"=>"Create Category", "category"=>{"name"=>"", "description"=>""}, "authenticity_token"=>"S9uDf5Fm+ghdnaO80Y+xtuUyYh4yOf/paMV3npSbkww=", "utf8"=>"✓"}
  [1m[36mCategory Load (0.2ms)[0m  [1mSELECT "categories"."id" FROM "categories" WHERE ("categories"."name" = '') LIMIT 1[0m
Rendered categories/_form.html.erb (5.0ms)
Rendered categories/new.html.erb within layouts/application (9.0ms)
Completed 200 OK in 52ms (Views: 15.7ms | ActiveRecord: 0.2ms)


Started POST "/categories" for 127.0.0.1 at Fri Nov 19 23:30:47 +0100 2010
  Processing by CategoriesController#create as HTML
  Parameters: {"commit"=>"Create Category", "category"=>{"name"=>"Technology", "description"=>""}, "authenticity_token"=>"S9uDf5Fm+ghdnaO80Y+xtuUyYh4yOf/paMV3npSbkww=", "utf8"=>"✓"}
  [1m[35mCategory Load (0.1ms)[0m  SELECT "categories"."id" FROM "categories" WHERE ("categories"."name" = 'Technology') LIMIT 1
Rendered categories/_form.html.erb (4.0ms)
Rendered categories/new.html.erb within layouts/application (7.8ms)
Completed 200 OK in 26ms (Views: 13.1ms | ActiveRecord: 0.1ms)


Started POST "/categories" for 127.0.0.1 at Fri Nov 19 23:31:16 +0100 2010
  Processing by CategoriesController#create as HTML
  Parameters: {"commit"=>"Create Category", "category"=>{"name"=>"Technology", "description"=>"Geeks like gadgets"}, "authenticity_token"=>"S9uDf5Fm+ghdnaO80Y+xtuUyYh4yOf/paMV3npSbkww=", "utf8"=>"✓"}
  [1m[36mCategory Load (0.1ms)[0m  [1mSELECT "categories"."id" FROM "categories" WHERE ("categories"."name" = 'Technology') LIMIT 1[0m
  [1m[35mSQL (0.3ms)[0m  INSERT INTO "categories" ("created_at", "description", "name", "updated_at") VALUES ('2010-11-19 22:31:16.684484', 'Geeks like gadgets', 'Technology', '2010-11-19 22:31:16.684484')
Redirected to http://localhost:3000/categories/3
Completed 302 Found in 15ms


Started GET "/categories/3" for 127.0.0.1 at Fri Nov 19 23:31:17 +0100 2010
  Processing by CategoriesController#show as HTML
  Parameters: {"id"=>"3"}
  [1m[36mCategory Load (0.2ms)[0m  [1mSELECT "categories".* FROM "categories" WHERE ("categories"."id" = 3) LIMIT 1[0m
Rendered categories/show.html.erb within layouts/application (5.8ms)
Completed 200 OK in 19ms (Views: 11.5ms | ActiveRecord: 0.6ms)


Started GET "/categories" for 127.0.0.1 at Fri Nov 19 23:31:21 +0100 2010
  Processing by CategoriesController#index as HTML
  [1m[35mCategory Load (0.3ms)[0m  SELECT "categories".* FROM "categories"
Rendered categories/index.html.erb within layouts/application (6.8ms)
Completed 200 OK in 18ms (Views: 12.2ms | ActiveRecord: 0.3ms)


Started GET "/categories/new" for 127.0.0.1 at Fri Nov 19 23:31:22 +0100 2010
  Processing by CategoriesController#new as HTML
Rendered categories/_form.html.erb (5.8ms)
Rendered categories/new.html.erb within layouts/application (9.6ms)
Completed 200 OK in 20ms (Views: 15.1ms | ActiveRecord: 0.0ms)


Started POST "/categories" for 127.0.0.1 at Fri Nov 19 23:31:38 +0100 2010
  Processing by CategoriesController#create as HTML
  Parameters: {"commit"=>"Create Category", "category"=>{"name"=>"Clothes", "description"=>"Wearable things"}, "authenticity_token"=>"S9uDf5Fm+ghdnaO80Y+xtuUyYh4yOf/paMV3npSbkww=", "utf8"=>"✓"}
  [1m[36mCategory Load (0.1ms)[0m  [1mSELECT "categories"."id" FROM "categories" WHERE ("categories"."name" = 'Clothes') LIMIT 1[0m
  [1m[35mSQL (0.3ms)[0m  INSERT INTO "categories" ("created_at", "description", "name", "updated_at") VALUES ('2010-11-19 22:31:38.186733', 'Wearable things', 'Clothes', '2010-11-19 22:31:38.186733')
Redirected to http://localhost:3000/categories/4
Completed 302 Found in 15ms


Started GET "/categories/4" for 127.0.0.1 at Fri Nov 19 23:31:38 +0100 2010
  Processing by CategoriesController#show as HTML
  Parameters: {"id"=>"4"}
  [1m[36mCategory Load (0.1ms)[0m  [1mSELECT "categories".* FROM "categories" WHERE ("categories"."id" = 4) LIMIT 1[0m
Rendered categories/show.html.erb within layouts/application (6.2ms)
Completed 200 OK in 20ms (Views: 12.9ms | ActiveRecord: 0.6ms)


Started GET "/categories" for 127.0.0.1 at Fri Nov 19 23:31:40 +0100 2010
  Processing by CategoriesController#index as HTML
  [1m[35mCategory Load (0.4ms)[0m  SELECT "categories".* FROM "categories"
Rendered categories/index.html.erb within layouts/application (8.1ms)
Completed 200 OK in 20ms (Views: 13.6ms | ActiveRecord: 0.4ms)


Started GET "/categories/new" for 127.0.0.1 at Fri Nov 19 23:31:43 +0100 2010
  Processing by CategoriesController#new as HTML
Rendered categories/_form.html.erb (5.9ms)
Rendered categories/new.html.erb within layouts/application (9.9ms)
Completed 200 OK in 85ms (Views: 15.3ms | ActiveRecord: 0.0ms)


Started POST "/categories" for 127.0.0.1 at Fri Nov 19 23:31:54 +0100 2010
  Processing by CategoriesController#create as HTML
  Parameters: {"commit"=>"Create Category", "category"=>{"name"=>"Technology", "description"=>"Bla bla"}, "authenticity_token"=>"S9uDf5Fm+ghdnaO80Y+xtuUyYh4yOf/paMV3npSbkww=", "utf8"=>"✓"}
  [1m[36mCategory Load (0.2ms)[0m  [1mSELECT "categories"."id" FROM "categories" WHERE ("categories"."name" = 'Technology') LIMIT 1[0m
Rendered categories/_form.html.erb (3.9ms)
Rendered categories/new.html.erb within layouts/application (7.9ms)
Completed 200 OK in 26ms (Views: 13.3ms | ActiveRecord: 0.2ms)


Started GET "/categories" for 127.0.0.1 at Fri Nov 19 23:31:59 +0100 2010
  Processing by CategoriesController#index as HTML
  [1m[35mCategory Load (0.4ms)[0m  SELECT "categories".* FROM "categories"
Rendered categories/index.html.erb within layouts/application (7.9ms)
Completed 200 OK in 20ms (Views: 13.4ms | ActiveRecord: 0.4ms)
  [1m[36mSQL (0.4ms)[0m  [1m SELECT name
 FROM sqlite_master
 WHERE type = 'table' AND NOT name = 'sqlite_sequence'
[0m
  [1m[35mSQL (0.1ms)[0m   SELECT name
 FROM sqlite_master
 WHERE type = 'table' AND NOT name = 'sqlite_sequence'
  [1m[36mSQL (0.1ms)[0m  [1mSELECT "schema_migrations"."version" FROM "schema_migrations"[0m
  [1m[35mSQL (0.1ms)[0m  select sqlite_version(*)
  [1m[36mSQL (0.2ms)[0m  [1m SELECT name
 FROM sqlite_master
 WHERE type = 'table' AND NOT name = 'sqlite_sequence'
[0m
  [1m[35mSQL (1.9ms)[0m  CREATE TABLE "categories" ("id" INTEGER PRIMARY KEY AUTOINCREMENT NOT NULL, "name" varchar(255), "description" text, "created_at" datetime, "updated_at" datetime) 
  [1m[36mSQL (0.2ms)[0m  [1m SELECT name
 FROM sqlite_master
 WHERE type = 'table' AND NOT name = 'sqlite_sequence'
[0m
  [1m[35mSQL (1.4ms)[0m  CREATE TABLE "schema_migrations" ("version" varchar(255) NOT NULL) 
  [1m[36mSQL (0.0ms)[0m  [1mPRAGMA index_list("schema_migrations")[0m
  [1m[35mSQL (1.6ms)[0m  CREATE UNIQUE INDEX "unique_schema_migrations" ON "schema_migrations" ("version")
  [1m[36mSQL (0.2ms)[0m  [1m SELECT name
 FROM sqlite_master
 WHERE type = 'table' AND NOT name = 'sqlite_sequence'
[0m
  [1m[35mSQL (0.1ms)[0m  SELECT version FROM "schema_migrations"
  [1m[36mSQL (1.5ms)[0m  [1mINSERT INTO "schema_migrations" (version) VALUES ('20101119222400')[0m
  [1m[36mSQL (0.2ms)[0m  [1m SELECT name
 FROM sqlite_master
 WHERE type = 'table' AND NOT name = 'sqlite_sequence'
[0m
  [1m[35mSQL (0.1ms)[0m  select sqlite_version(*)
  [1m[36mSQL (2.5ms)[0m  [1mCREATE TABLE "schema_migrations" ("version" varchar(255) NOT NULL) [0m
  [1m[35mSQL (0.8ms)[0m  PRAGMA index_list("schema_migrations")
  [1m[36mSQL (1.2ms)[0m  [1mCREATE UNIQUE INDEX "unique_schema_migrations" ON "schema_migrations" ("version")[0m
  [1m[35mSQL (0.2ms)[0m   SELECT name
 FROM sqlite_master
 WHERE type = 'table' AND NOT name = 'sqlite_sequence'
  [1m[36mSQL (0.2ms)[0m  [1m SELECT name
 FROM sqlite_master
 WHERE type = 'table' AND NOT name = 'sqlite_sequence'
[0m
  [1m[35mSQL (0.1ms)[0m  SELECT "schema_migrations"."version" FROM "schema_migrations"
  [1m[36mSQL (0.3ms)[0m  [1m SELECT name
 FROM sqlite_master
 WHERE type = 'table' AND NOT name = 'sqlite_sequence'
[0m
  [1m[35mSQL (0.1ms)[0m   SELECT name
 FROM sqlite_master
 WHERE type = 'table' AND NOT name = 'sqlite_sequence'
  [1m[36mSQL (0.1ms)[0m  [1mSELECT "schema_migrations"."version" FROM "schema_migrations"[0m
Migrating to CreateCategories (20101119222400)
  [1m[35mSQL (0.1ms)[0m  select sqlite_version(*)
  [1m[36mSQL (0.5ms)[0m  [1mCREATE TABLE "categories" ("id" INTEGER PRIMARY KEY AUTOINCREMENT NOT NULL, "name" varchar(255), "description" text, "created_at" datetime, "updated_at" datetime) [0m
  [1m[35mSQL (0.2ms)[0m  INSERT INTO "schema_migrations" ("version") VALUES ('20101119222400')
  [1m[36mSQL (0.2ms)[0m  [1m SELECT name
 FROM sqlite_master
 WHERE type = 'table' AND NOT name = 'sqlite_sequence'
[0m
  [1m[35mSQL (0.1ms)[0m  SELECT "schema_migrations"."version" FROM "schema_migrations"
  [1m[36mSQL (0.1ms)[0m  [1m SELECT name
 FROM sqlite_master
 WHERE type = 'table' AND NOT name = 'sqlite_sequence'
[0m
  [1m[35mSQL (0.0ms)[0m  PRAGMA index_list("categories")
  [1m[36mSQL (0.4ms)[0m  [1m SELECT name
 FROM sqlite_master
 WHERE type = 'table' AND NOT name = 'sqlite_sequence'
[0m
  [1m[35mSQL (0.1ms)[0m   SELECT name
 FROM sqlite_master
 WHERE type = 'table' AND NOT name = 'sqlite_sequence'
  [1m[36mSQL (0.1ms)[0m  [1mSELECT "schema_migrations"."version" FROM "schema_migrations"[0m
  [1m[35mCategory Load (0.1ms)[0m  SELECT "categories"."id" FROM "categories" WHERE ("categories"."name" = 'Technology') LIMIT 1
  [1m[36mSQL (0.3ms)[0m  [1mINSERT INTO "categories" ("created_at", "description", "name", "updated_at") VALUES ('2010-11-19 22:39:02.543810', 'Geeks love gadgets, are yo geek?', 'Technology', '2010-11-19 22:39:02.543810')[0m
  [1m[35mCategory Load (0.2ms)[0m  SELECT "categories"."id" FROM "categories" WHERE ("categories"."name" = 'Clothes') LIMIT 1
  [1m[36mSQL (0.4ms)[0m  [1mINSERT INTO "categories" ("created_at", "description", "name", "updated_at") VALUES ('2010-11-19 22:39:02.550896', 'Wereathable things', 'Clothes', '2010-11-19 22:39:02.550896')[0m


Started GET "/categories" for 127.0.0.1 at Fri Nov 19 23:39:15 +0100 2010
  Processing by CategoriesController#index as HTML
  [1m[36mCategory Load (0.4ms)[0m  [1mSELECT "categories".* FROM "categories"[0m
Rendered categories/index.html.erb within layouts/application (8.1ms)
Completed 200 OK in 21ms (Views: 14.6ms | ActiveRecord: 0.4ms)
  [1m[36mSQL (0.4ms)[0m  [1m SELECT name
 FROM sqlite_master
 WHERE type = 'table' AND NOT name = 'sqlite_sequence'
[0m
  [1m[35mSQL (0.1ms)[0m   SELECT name
 FROM sqlite_master
 WHERE type = 'table' AND NOT name = 'sqlite_sequence'
  [1m[36mSQL (0.1ms)[0m  [1mSELECT "schema_migrations"."version" FROM "schema_migrations"[0m
  [1m[35mSQL (0.1ms)[0m  select sqlite_version(*)
  [1m[36mSQL (0.1ms)[0m  [1m SELECT name
 FROM sqlite_master
 WHERE type = 'table' AND NOT name = 'sqlite_sequence'
[0m
  [1m[35mSQL (2.4ms)[0m  CREATE TABLE "categories" ("id" INTEGER PRIMARY KEY AUTOINCREMENT NOT NULL, "name" varchar(255), "description" text, "created_at" datetime, "updated_at" datetime) 
  [1m[36mSQL (0.1ms)[0m  [1m SELECT name
 FROM sqlite_master
 WHERE type = 'table' AND NOT name = 'sqlite_sequence'
[0m
  [1m[35mSQL (1.0ms)[0m  CREATE TABLE "schema_migrations" ("version" varchar(255) NOT NULL) 
  [1m[36mSQL (0.0ms)[0m  [1mPRAGMA index_list("schema_migrations")[0m
  [1m[35mSQL (3.0ms)[0m  CREATE UNIQUE INDEX "unique_schema_migrations" ON "schema_migrations" ("version")
  [1m[36mSQL (0.2ms)[0m  [1m SELECT name
 FROM sqlite_master
 WHERE type = 'table' AND NOT name = 'sqlite_sequence'
[0m
  [1m[35mSQL (0.1ms)[0m  SELECT version FROM "schema_migrations"
  [1m[36mSQL (1.2ms)[0m  [1mINSERT INTO "schema_migrations" (version) VALUES ('20101119222400')[0m
