

Started GET "/" for 192.168.1.2 at Sat Dec 11 00:12:12 +0100 2010
  Processing by ThingsController#index as HTML
Completed   in 89ms


Started GET "/users/sign_in" for 192.168.1.2 at Sat Dec 11 00:12:12 +0100 2010
  Processing by Devise::SessionsController#new as HTML
Rendered devise/shared/_links.erb (2.0ms)
Rendered devise/sessions/new.html.erb within layouts/application (12.0ms)
Completed 200 OK in 29ms (Views: 18.4ms | ActiveRecord: 0.8ms)


Started GET "/stylesheets/application.css?1292022261" for 192.168.1.2 at Sat Dec 11 00:12:13 +0100 2010

ActionController::RoutingError (No route matches "/stylesheets/application.css"):
  



Started GET "/javascripts/jquery-1.4.4.min.js?1292017122" for 192.168.1.2 at Sat Dec 11 00:12:13 +0100 2010

ActionController::RoutingError (No route matches "/javascripts/jquery-1.4.4.min.js"):
  



Started GET "/javascripts/jquery.js" for 192.168.1.2 at Sat Dec 11 00:12:13 +0100 2010

ActionController::RoutingError (No route matches "/javascripts/jquery.js"):
  



Started GET "/javascripts/rails.js?1292017228" for 192.168.1.2 at Sat Dec 11 00:12:13 +0100 2010

ActionController::RoutingError (No route matches "/javascripts/rails.js"):
  



Started GET "/javascripts/application.js?1292017944" for 192.168.1.2 at Sat Dec 11 00:12:13 +0100 2010

ActionController::RoutingError (No route matches "/javascripts/application.js"):
  



Started GET "/favicon.ico" for 192.168.1.2 at Sat Dec 11 00:12:13 +0100 2010

ActionController::RoutingError (No route matches "/favicon.ico"):
  



Started GET "/favicon.ico" for 192.168.1.2 at Sat Dec 11 00:12:23 +0100 2010

ActionController::RoutingError (No route matches "/favicon.ico"):
  



Started GET "/" for 192.168.1.3 at Sat Dec 11 17:59:02 +0100 2010
  Processing by ThingsController#index as HTML
Completed   in 1ms


Started GET "/users/sign_in" for 192.168.1.3 at Sat Dec 11 17:59:02 +0100 2010
  Processing by Devise::SessionsController#new as HTML
Rendered devise/shared/_links.erb (1.6ms)
Rendered devise/sessions/new.html.erb within layouts/application (12.8ms)
Completed 200 OK in 52ms (Views: 40.4ms | ActiveRecord: 0.0ms)


Started GET "/stylesheets/application.css?1292034951" for 192.168.1.3 at Sat Dec 11 17:59:02 +0100 2010

ActionController::RoutingError (No route matches "/stylesheets/application.css"):
  



Started GET "/stylesheets/jquery-ui.css?1292034951" for 192.168.1.3 at Sat Dec 11 17:59:02 +0100 2010

ActionController::RoutingError (No route matches "/stylesheets/jquery-ui.css"):
  



Started GET "/javascripts/jquery.js?1292034951" for 192.168.1.3 at Sat Dec 11 17:59:02 +0100 2010

ActionController::RoutingError (No route matches "/javascripts/jquery.js"):
  



Started GET "/javascripts/rails.js?1292034951" for 192.168.1.3 at Sat Dec 11 17:59:02 +0100 2010

ActionController::RoutingError (No route matches "/javascripts/rails.js"):
  



Started GET "/javascripts/application.js?1292034951" for 192.168.1.3 at Sat Dec 11 17:59:02 +0100 2010

ActionController::RoutingError (No route matches "/javascripts/application.js"):
  



Started GET "/javascripts/jquery-ui.js?1292034951" for 192.168.1.3 at Sat Dec 11 17:59:02 +0100 2010

ActionController::RoutingError (No route matches "/javascripts/jquery-ui.js"):
  



Started GET "/javascripts/highcharts.js?1292034951" for 192.168.1.3 at Sat Dec 11 17:59:02 +0100 2010

ActionController::RoutingError (No route matches "/javascripts/highcharts.js"):
  



Started GET "/users/register" for 192.168.1.3 at Sat Dec 11 18:05:16 +0100 2010
  Processing by Devise::RegistrationsController#new as HTML
Rendered devise/shared/_links.erb (0.9ms)
Rendered devise/registrations/new.html.erb within layouts/application (9.0ms)
Completed 200 OK in 51ms (Views: 50.5ms | ActiveRecord: 0.0ms)


Started GET "/stylesheets/application.css?1292034951" for 192.168.1.3 at Sat Dec 11 18:05:16 +0100 2010

ActionController::RoutingError (No route matches "/stylesheets/application.css"):
  



Started GET "/stylesheets/jquery-ui.css?1292034951" for 192.168.1.3 at Sat Dec 11 18:05:16 +0100 2010

ActionController::RoutingError (No route matches "/stylesheets/jquery-ui.css"):
  



Started GET "/javascripts/jquery.js?1292034951" for 192.168.1.3 at Sat Dec 11 18:05:16 +0100 2010

ActionController::RoutingError (No route matches "/javascripts/jquery.js"):
  



Started GET "/javascripts/rails.js?1292034951" for 192.168.1.3 at Sat Dec 11 18:05:16 +0100 2010

ActionController::RoutingError (No route matches "/javascripts/rails.js"):
  



Started GET "/javascripts/application.js?1292034951" for 192.168.1.3 at Sat Dec 11 18:05:16 +0100 2010

ActionController::RoutingError (No route matches "/javascripts/application.js"):
  



Started GET "/javascripts/jquery-ui.js?1292034951" for 192.168.1.3 at Sat Dec 11 18:05:16 +0100 2010

ActionController::RoutingError (No route matches "/javascripts/jquery-ui.js"):
  



Started GET "/javascripts/highcharts.js?1292034951" for 192.168.1.3 at Sat Dec 11 18:05:16 +0100 2010

ActionController::RoutingError (No route matches "/javascripts/highcharts.js"):
  



Started POST "/users" for 192.168.1.3 at Sat Dec 11 18:05:29 +0100 2010
  Processing by Devise::RegistrationsController#create as HTML
  Parameters: {"commit"=>"Sign up", "authenticity_token"=>"B1ddXHTEpYVTOR3BM0DA+wrzby9+/SCg42ZDVeiACk4=", "utf8"=>"✓", "user"=>{"password_confirmation"=>"[FILTERED]", "password"=>"[FILTERED]", "email"=>"ion@suzzlo.org"}}
Redirected to http://trevelyan.local:3000/
Completed 302 Found in 331ms


Started GET "/" for 192.168.1.3 at Sat Dec 11 18:05:29 +0100 2010
  Processing by ThingsController#index as HTML
Rendered things/index.html.erb within layouts/application (201.7ms)
Completed 200 OK in 261ms (Views: 206.7ms | ActiveRecord: 42.7ms)


Started GET "/stylesheets/application.css?1292034951" for 192.168.1.3 at Sat Dec 11 18:05:30 +0100 2010

ActionController::RoutingError (No route matches "/stylesheets/application.css"):
  



Started GET "/stylesheets/jquery-ui.css?1292034951" for 192.168.1.3 at Sat Dec 11 18:05:30 +0100 2010

ActionController::RoutingError (No route matches "/stylesheets/jquery-ui.css"):
  



Started GET "/javascripts/jquery.js?1292034951" for 192.168.1.3 at Sat Dec 11 18:05:30 +0100 2010

ActionController::RoutingError (No route matches "/javascripts/jquery.js"):
  



Started GET "/javascripts/application.js?1292034951" for 192.168.1.3 at Sat Dec 11 18:05:30 +0100 2010

ActionController::RoutingError (No route matches "/javascripts/application.js"):
  



Started GET "/javascripts/rails.js?1292034951" for 192.168.1.3 at Sat Dec 11 18:05:30 +0100 2010

ActionController::RoutingError (No route matches "/javascripts/rails.js"):
  



Started GET "/javascripts/jquery-ui.js?1292034951" for 192.168.1.3 at Sat Dec 11 18:05:30 +0100 2010

ActionController::RoutingError (No route matches "/javascripts/jquery-ui.js"):
  



Started GET "/javascripts/highcharts.js?1292034951" for 192.168.1.3 at Sat Dec 11 18:05:30 +0100 2010

ActionController::RoutingError (No route matches "/javascripts/highcharts.js"):
  



Started GET "/" for 127.0.0.1 at Sat Dec 11 18:06:33 +0100 2010
  Processing by ThingsController#index as HTML
Completed   in 0ms


Started GET "/users/sign_in" for 127.0.0.1 at Sat Dec 11 18:06:34 +0100 2010
  Processing by Devise::SessionsController#new as HTML
Rendered devise/shared/_links.erb (0.7ms)
Rendered devise/sessions/new.html.erb within layouts/application (6.5ms)
Completed 200 OK in 90ms (Views: 7.2ms | ActiveRecord: 0.0ms)


Started GET "/stylesheets/application.css?1292034951" for 127.0.0.1 at Sat Dec 11 18:06:34 +0100 2010

ActionController::RoutingError (No route matches "/stylesheets/application.css"):
  

Rendered /Library/Ruby/Gems/1.8/gems/actionpack-3.0.1/lib/action_dispatch/middleware/templates/rescues/routing_error.erb within rescues/layout (0.9ms)


Started GET "/stylesheets/jquery-ui.css?1292034951" for 127.0.0.1 at Sat Dec 11 18:06:34 +0100 2010

ActionController::RoutingError (No route matches "/stylesheets/jquery-ui.css"):
  

Rendered /Library/Ruby/Gems/1.8/gems/actionpack-3.0.1/lib/action_dispatch/middleware/templates/rescues/routing_error.erb within rescues/layout (0.8ms)


Started GET "/javascripts/jquery.js?1292034951" for 127.0.0.1 at Sat Dec 11 18:06:34 +0100 2010

ActionController::RoutingError (No route matches "/javascripts/jquery.js"):
  

Rendered /Library/Ruby/Gems/1.8/gems/actionpack-3.0.1/lib/action_dispatch/middleware/templates/rescues/routing_error.erb within rescues/layout (6.5ms)


Started GET "/javascripts/rails.js?1292034951" for 127.0.0.1 at Sat Dec 11 18:06:34 +0100 2010

ActionController::RoutingError (No route matches "/javascripts/rails.js"):
  

Rendered /Library/Ruby/Gems/1.8/gems/actionpack-3.0.1/lib/action_dispatch/middleware/templates/rescues/routing_error.erb within rescues/layout (0.9ms)


Started GET "/javascripts/application.js?1292034951" for 127.0.0.1 at Sat Dec 11 18:06:34 +0100 2010

ActionController::RoutingError (No route matches "/javascripts/application.js"):
  

Rendered /Library/Ruby/Gems/1.8/gems/actionpack-3.0.1/lib/action_dispatch/middleware/templates/rescues/routing_error.erb within rescues/layout (0.8ms)


Started GET "/javascripts/jquery-ui.js?1292034951" for 127.0.0.1 at Sat Dec 11 18:06:34 +0100 2010

ActionController::RoutingError (No route matches "/javascripts/jquery-ui.js"):
  

Rendered /Library/Ruby/Gems/1.8/gems/actionpack-3.0.1/lib/action_dispatch/middleware/templates/rescues/routing_error.erb within rescues/layout (0.8ms)


Started GET "/javascripts/highcharts.js?1292034951" for 127.0.0.1 at Sat Dec 11 18:06:34 +0100 2010

ActionController::RoutingError (No route matches "/javascripts/highcharts.js"):
  

Rendered /Library/Ruby/Gems/1.8/gems/actionpack-3.0.1/lib/action_dispatch/middleware/templates/rescues/routing_error.erb within rescues/layout (0.8ms)


Started GET "/__index.html" for 127.0.0.1 at Sat Dec 11 18:08:30 +0100 2010

ActionController::RoutingError (No route matches "/__index.html"):
  

Rendered /Library/Ruby/Gems/1.8/gems/actionpack-3.0.1/lib/action_dispatch/middleware/templates/rescues/routing_error.erb within rescues/layout (0.8ms)


Started GET "/" for 127.0.0.1 at Sat Dec 11 18:09:13 +0100 2010
  Processing by ThingsController#index as HTML
Completed   in 0ms


Started GET "/users/sign_in" for 127.0.0.1 at Sat Dec 11 18:09:13 +0100 2010
  Processing by Devise::SessionsController#new as HTML
Rendered devise/shared/_links.erb (0.8ms)
Rendered devise/sessions/new.html.erb within layouts/application (6.9ms)
Completed 200 OK in 8ms (Views: 7.6ms | ActiveRecord: 0.0ms)


Started GET "/stylesheets/application.css?1292034951" for 127.0.0.1 at Sat Dec 11 18:09:13 +0100 2010

ActionController::RoutingError (No route matches "/stylesheets/application.css"):
  

Rendered /Library/Ruby/Gems/1.8/gems/actionpack-3.0.1/lib/action_dispatch/middleware/templates/rescues/routing_error.erb within rescues/layout (0.9ms)


Started GET "/stylesheets/jquery-ui.css?1292034951" for 127.0.0.1 at Sat Dec 11 18:09:13 +0100 2010

ActionController::RoutingError (No route matches "/stylesheets/jquery-ui.css"):
  

Rendered /Library/Ruby/Gems/1.8/gems/actionpack-3.0.1/lib/action_dispatch/middleware/templates/rescues/routing_error.erb within rescues/layout (0.8ms)


Started GET "/javascripts/jquery.js?1292034951" for 127.0.0.1 at Sat Dec 11 18:09:13 +0100 2010

ActionController::RoutingError (No route matches "/javascripts/jquery.js"):
  

Rendered /Library/Ruby/Gems/1.8/gems/actionpack-3.0.1/lib/action_dispatch/middleware/templates/rescues/routing_error.erb within rescues/layout (0.8ms)


Started GET "/javascripts/rails.js?1292034951" for 127.0.0.1 at Sat Dec 11 18:09:13 +0100 2010

ActionController::RoutingError (No route matches "/javascripts/rails.js"):
  

Rendered /Library/Ruby/Gems/1.8/gems/actionpack-3.0.1/lib/action_dispatch/middleware/templates/rescues/routing_error.erb within rescues/layout (2.9ms)


Started GET "/javascripts/application.js?1292034951" for 127.0.0.1 at Sat Dec 11 18:09:13 +0100 2010

ActionController::RoutingError (No route matches "/javascripts/application.js"):
  

Rendered /Library/Ruby/Gems/1.8/gems/actionpack-3.0.1/lib/action_dispatch/middleware/templates/rescues/routing_error.erb within rescues/layout (0.8ms)


Started GET "/javascripts/jquery-ui.js?1292034951" for 127.0.0.1 at Sat Dec 11 18:09:13 +0100 2010

ActionController::RoutingError (No route matches "/javascripts/jquery-ui.js"):
  

Rendered /Library/Ruby/Gems/1.8/gems/actionpack-3.0.1/lib/action_dispatch/middleware/templates/rescues/routing_error.erb within rescues/layout (0.8ms)


Started GET "/javascripts/highcharts.js?1292034951" for 127.0.0.1 at Sat Dec 11 18:09:13 +0100 2010

ActionController::RoutingError (No route matches "/javascripts/highcharts.js"):
  

Rendered /Library/Ruby/Gems/1.8/gems/actionpack-3.0.1/lib/action_dispatch/middleware/templates/rescues/routing_error.erb within rescues/layout (1.0ms)


Started GET "/users/sign_in" for 127.0.0.1 at Sat Dec 11 18:09:16 +0100 2010
  Processing by Devise::SessionsController#new as HTML
Rendered devise/shared/_links.erb (1.1ms)
Rendered devise/sessions/new.html.erb within layouts/application (9.3ms)
Completed 200 OK in 11ms (Views: 10.0ms | ActiveRecord: 0.0ms)


Started GET "/stylesheets/application.css?1292034951" for 127.0.0.1 at Sat Dec 11 18:09:16 +0100 2010

ActionController::RoutingError (No route matches "/stylesheets/application.css"):
  

Rendered /Library/Ruby/Gems/1.8/gems/actionpack-3.0.1/lib/action_dispatch/middleware/templates/rescues/routing_error.erb within rescues/layout (0.8ms)


Started GET "/stylesheets/jquery-ui.css?1292034951" for 127.0.0.1 at Sat Dec 11 18:09:16 +0100 2010

ActionController::RoutingError (No route matches "/stylesheets/jquery-ui.css"):
  

Rendered /Library/Ruby/Gems/1.8/gems/actionpack-3.0.1/lib/action_dispatch/middleware/templates/rescues/routing_error.erb within rescues/layout (0.9ms)


Started GET "/javascripts/jquery.js?1292034951" for 127.0.0.1 at Sat Dec 11 18:09:16 +0100 2010

ActionController::RoutingError (No route matches "/javascripts/jquery.js"):
  

Rendered /Library/Ruby/Gems/1.8/gems/actionpack-3.0.1/lib/action_dispatch/middleware/templates/rescues/routing_error.erb within rescues/layout (0.8ms)


Started GET "/javascripts/rails.js?1292034951" for 127.0.0.1 at Sat Dec 11 18:09:16 +0100 2010

ActionController::RoutingError (No route matches "/javascripts/rails.js"):
  

Rendered /Library/Ruby/Gems/1.8/gems/actionpack-3.0.1/lib/action_dispatch/middleware/templates/rescues/routing_error.erb within rescues/layout (0.8ms)


Started GET "/javascripts/jquery-ui.js?1292034951" for 127.0.0.1 at Sat Dec 11 18:09:16 +0100 2010

ActionController::RoutingError (No route matches "/javascripts/jquery-ui.js"):
  

Rendered /Library/Ruby/Gems/1.8/gems/actionpack-3.0.1/lib/action_dispatch/middleware/templates/rescues/routing_error.erb within rescues/layout (0.9ms)


Started GET "/javascripts/application.js?1292034951" for 127.0.0.1 at Sat Dec 11 18:09:16 +0100 2010

ActionController::RoutingError (No route matches "/javascripts/application.js"):
  

Rendered /Library/Ruby/Gems/1.8/gems/actionpack-3.0.1/lib/action_dispatch/middleware/templates/rescues/routing_error.erb within rescues/layout (1.2ms)


Started GET "/javascripts/highcharts.js?1292034951" for 127.0.0.1 at Sat Dec 11 18:09:16 +0100 2010

ActionController::RoutingError (No route matches "/javascripts/highcharts.js"):
  

Rendered /Library/Ruby/Gems/1.8/gems/actionpack-3.0.1/lib/action_dispatch/middleware/templates/rescues/routing_error.erb within rescues/layout (1.2ms)


Started GET "/index.html" for 127.0.0.1 at Sat Dec 11 18:09:24 +0100 2010

ActionController::RoutingError (No route matches "/index.html"):
  

Rendered /Library/Ruby/Gems/1.8/gems/actionpack-3.0.1/lib/action_dispatch/middleware/templates/rescues/routing_error.erb within rescues/layout (0.7ms)


Started GET "/" for 127.0.0.1 at Sat Dec 11 18:09:33 +0100 2010
  Processing by ThingsController#index as HTML
Completed   in 0ms


Started GET "/users/sign_in" for 127.0.0.1 at Sat Dec 11 18:09:33 +0100 2010
  Processing by Devise::SessionsController#new as HTML
Rendered devise/shared/_links.erb (0.8ms)
Rendered devise/sessions/new.html.erb within layouts/application (6.8ms)
Completed 200 OK in 8ms (Views: 7.5ms | ActiveRecord: 0.0ms)


Started GET "/stylesheets/application.css?1292034951" for 127.0.0.1 at Sat Dec 11 18:09:33 +0100 2010

ActionController::RoutingError (No route matches "/stylesheets/application.css"):
  

Rendered /Library/Ruby/Gems/1.8/gems/actionpack-3.0.1/lib/action_dispatch/middleware/templates/rescues/routing_error.erb within rescues/layout (0.8ms)


Started GET "/javascripts/jquery-ui.js?1292034951" for 127.0.0.1 at Sat Dec 11 18:09:33 +0100 2010

ActionController::RoutingError (No route matches "/javascripts/jquery-ui.js"):
  

Rendered /Library/Ruby/Gems/1.8/gems/actionpack-3.0.1/lib/action_dispatch/middleware/templates/rescues/routing_error.erb within rescues/layout (0.8ms)


Started GET "/javascripts/application.js?1292034951" for 127.0.0.1 at Sat Dec 11 18:09:33 +0100 2010

ActionController::RoutingError (No route matches "/javascripts/application.js"):
  

Rendered /Library/Ruby/Gems/1.8/gems/actionpack-3.0.1/lib/action_dispatch/middleware/templates/rescues/routing_error.erb within rescues/layout (0.8ms)


Started GET "/javascripts/rails.js?1292034951" for 127.0.0.1 at Sat Dec 11 18:09:33 +0100 2010

ActionController::RoutingError (No route matches "/javascripts/rails.js"):
  

Rendered /Library/Ruby/Gems/1.8/gems/actionpack-3.0.1/lib/action_dispatch/middleware/templates/rescues/routing_error.erb within rescues/layout (0.8ms)


Started GET "/javascripts/jquery.js?1292034951" for 127.0.0.1 at Sat Dec 11 18:09:34 +0100 2010

ActionController::RoutingError (No route matches "/javascripts/jquery.js"):
  

Rendered /Library/Ruby/Gems/1.8/gems/actionpack-3.0.1/lib/action_dispatch/middleware/templates/rescues/routing_error.erb within rescues/layout (0.7ms)


Started GET "/stylesheets/jquery-ui.css?1292034951" for 127.0.0.1 at Sat Dec 11 18:09:34 +0100 2010

ActionController::RoutingError (No route matches "/stylesheets/jquery-ui.css"):
  

Rendered /Library/Ruby/Gems/1.8/gems/actionpack-3.0.1/lib/action_dispatch/middleware/templates/rescues/routing_error.erb within rescues/layout (0.8ms)


Started GET "/javascripts/highcharts.js?1292034951" for 127.0.0.1 at Sat Dec 11 18:09:34 +0100 2010

ActionController::RoutingError (No route matches "/javascripts/highcharts.js"):
  

Rendered /Library/Ruby/Gems/1.8/gems/actionpack-3.0.1/lib/action_dispatch/middleware/templates/rescues/routing_error.erb within rescues/layout (0.8ms)


Started GET "/stylesheet" for 127.0.0.1 at Sat Dec 11 18:10:20 +0100 2010

ActionController::RoutingError (No route matches "/stylesheet"):
  

Rendered /Library/Ruby/Gems/1.8/gems/actionpack-3.0.1/lib/action_dispatch/middleware/templates/rescues/routing_error.erb within rescues/layout (0.7ms)


Started GET "/stylesheets" for 127.0.0.1 at Sat Dec 11 18:10:23 +0100 2010

ActionController::RoutingError (No route matches "/stylesheets"):
  

Rendered /Library/Ruby/Gems/1.8/gems/actionpack-3.0.1/lib/action_dispatch/middleware/templates/rescues/routing_error.erb within rescues/layout (0.7ms)


Started GET "/stylesheets/application.css" for 127.0.0.1 at Sat Dec 11 18:10:30 +0100 2010

ActionController::RoutingError (No route matches "/stylesheets/application.css"):
  

Rendered /Library/Ruby/Gems/1.8/gems/actionpack-3.0.1/lib/action_dispatch/middleware/templates/rescues/routing_error.erb within rescues/layout (0.7ms)


Started GET "/stylesheet/application.css" for 127.0.0.1 at Sat Dec 11 18:10:36 +0100 2010

ActionController::RoutingError (No route matches "/stylesheet/application.css"):
  

Rendered /Library/Ruby/Gems/1.8/gems/actionpack-3.0.1/lib/action_dispatch/middleware/templates/rescues/routing_error.erb within rescues/layout (0.7ms)


Started GET "/" for 127.0.0.1 at Sat Dec 11 18:12:00 +0100 2010
  Processing by ThingsController#index as HTML
Completed   in 4ms


Started GET "/users/sign_in" for 127.0.0.1 at Sat Dec 11 18:12:00 +0100 2010
  Processing by Devise::SessionsController#new as HTML
Rendered devise/shared/_links.erb (0.9ms)
Rendered devise/sessions/new.html.erb within layouts/application (7.0ms)
Completed 200 OK in 8ms (Views: 7.7ms | ActiveRecord: 0.0ms)


Started GET "/stylesheets/application.css?1292034951" for 127.0.0.1 at Sat Dec 11 18:12:00 +0100 2010

ActionController::RoutingError (No route matches "/stylesheets/application.css"):
  

Rendered /Library/Ruby/Gems/1.8/gems/actionpack-3.0.1/lib/action_dispatch/middleware/templates/rescues/routing_error.erb within rescues/layout (0.9ms)


Started GET "/stylesheets/jquery-ui.css?1292034951" for 127.0.0.1 at Sat Dec 11 18:12:00 +0100 2010

ActionController::RoutingError (No route matches "/stylesheets/jquery-ui.css"):
  

Rendered /Library/Ruby/Gems/1.8/gems/actionpack-3.0.1/lib/action_dispatch/middleware/templates/rescues/routing_error.erb within rescues/layout (0.8ms)


Started GET "/javascripts/jquery.js?1292034951" for 127.0.0.1 at Sat Dec 11 18:12:00 +0100 2010

ActionController::RoutingError (No route matches "/javascripts/jquery.js"):
  

Rendered /Library/Ruby/Gems/1.8/gems/actionpack-3.0.1/lib/action_dispatch/middleware/templates/rescues/routing_error.erb within rescues/layout (1.3ms)


Started GET "/javascripts/rails.js?1292034951" for 127.0.0.1 at Sat Dec 11 18:12:00 +0100 2010

ActionController::RoutingError (No route matches "/javascripts/rails.js"):
  

Rendered /Library/Ruby/Gems/1.8/gems/actionpack-3.0.1/lib/action_dispatch/middleware/templates/rescues/routing_error.erb within rescues/layout (0.8ms)


Started GET "/javascripts/application.js?1292034951" for 127.0.0.1 at Sat Dec 11 18:12:00 +0100 2010

ActionController::RoutingError (No route matches "/javascripts/application.js"):
  

Rendered /Library/Ruby/Gems/1.8/gems/actionpack-3.0.1/lib/action_dispatch/middleware/templates/rescues/routing_error.erb within rescues/layout (1.8ms)


Started GET "/javascripts/jquery-ui.js?1292034951" for 127.0.0.1 at Sat Dec 11 18:12:00 +0100 2010

ActionController::RoutingError (No route matches "/javascripts/jquery-ui.js"):
  

Rendered /Library/Ruby/Gems/1.8/gems/actionpack-3.0.1/lib/action_dispatch/middleware/templates/rescues/routing_error.erb within rescues/layout (0.9ms)


Started GET "/javascripts/highcharts.js?1292034951" for 127.0.0.1 at Sat Dec 11 18:12:00 +0100 2010

ActionController::RoutingError (No route matches "/javascripts/highcharts.js"):
  

Rendered /Library/Ruby/Gems/1.8/gems/actionpack-3.0.1/lib/action_dispatch/middleware/templates/rescues/routing_error.erb within rescues/layout (0.8ms)


Started GET "/stylesheets/application.css?1292034951" for 127.0.0.1 at Sat Dec 11 18:12:42 +0100 2010

ActionController::RoutingError (No route matches "/stylesheets/application.css"):
  

Rendered /Library/Ruby/Gems/1.8/gems/actionpack-3.0.1/lib/action_dispatch/middleware/templates/rescues/routing_error.erb within rescues/layout (0.9ms)


Started GET "/stylesheets/application.css" for 127.0.0.1 at Sat Dec 11 18:12:53 +0100 2010

ActionController::RoutingError (No route matches "/stylesheets/application.css"):
  

Rendered /Library/Ruby/Gems/1.8/gems/actionpack-3.0.1/lib/action_dispatch/middleware/templates/rescues/routing_error.erb within rescues/layout (0.8ms)


Started GET "/" for 127.0.0.1 at Sat Dec 11 18:33:48 +0100 2010
  Processing by ThingsController#index as HTML
Completed   in 1ms


Started GET "/users/sign_in" for 127.0.0.1 at Sat Dec 11 18:33:48 +0100 2010
  Processing by Devise::SessionsController#new as HTML
Rendered devise/shared/_links.erb (1.5ms)
Rendered devise/sessions/new.html.erb within layouts/application (11.8ms)
Completed 200 OK in 29ms (Views: 18.3ms | ActiveRecord: 0.0ms)


Started GET "/stylesheets/application.css?1292034951" for 127.0.0.1 at Sat Dec 11 18:33:48 +0100 2010

ActionController::RoutingError (No route matches "/stylesheets/application.css"):
  

Rendered /Library/Ruby/Gems/1.8/gems/actionpack-3.0.1/lib/action_dispatch/middleware/templates/rescues/routing_error.erb within rescues/layout (0.8ms)


Started GET "/stylesheets/jquery-ui.css?1292034951" for 127.0.0.1 at Sat Dec 11 18:33:48 +0100 2010

ActionController::RoutingError (No route matches "/stylesheets/jquery-ui.css"):
  

Rendered /Library/Ruby/Gems/1.8/gems/actionpack-3.0.1/lib/action_dispatch/middleware/templates/rescues/routing_error.erb within rescues/layout (0.8ms)


Started GET "/javascripts/jquery.js?1292034951" for 127.0.0.1 at Sat Dec 11 18:33:48 +0100 2010

ActionController::RoutingError (No route matches "/javascripts/jquery.js"):
  

Rendered /Library/Ruby/Gems/1.8/gems/actionpack-3.0.1/lib/action_dispatch/middleware/templates/rescues/routing_error.erb within rescues/layout (0.9ms)


Started GET "/javascripts/rails.js?1292034951" for 127.0.0.1 at Sat Dec 11 18:33:48 +0100 2010

ActionController::RoutingError (No route matches "/javascripts/rails.js"):
  

Rendered /Library/Ruby/Gems/1.8/gems/actionpack-3.0.1/lib/action_dispatch/middleware/templates/rescues/routing_error.erb within rescues/layout (0.7ms)


Started GET "/javascripts/application.js?1292034951" for 127.0.0.1 at Sat Dec 11 18:33:48 +0100 2010

ActionController::RoutingError (No route matches "/javascripts/application.js"):
  

Rendered /Library/Ruby/Gems/1.8/gems/actionpack-3.0.1/lib/action_dispatch/middleware/templates/rescues/routing_error.erb within rescues/layout (0.8ms)


Started GET "/javascripts/jquery-ui.js?1292034951" for 127.0.0.1 at Sat Dec 11 18:33:48 +0100 2010

ActionController::RoutingError (No route matches "/javascripts/jquery-ui.js"):
  

Rendered /Library/Ruby/Gems/1.8/gems/actionpack-3.0.1/lib/action_dispatch/middleware/templates/rescues/routing_error.erb within rescues/layout (0.8ms)


Started GET "/javascripts/highcharts.js?1292034951" for 127.0.0.1 at Sat Dec 11 18:33:48 +0100 2010

ActionController::RoutingError (No route matches "/javascripts/highcharts.js"):
  

Rendered /Library/Ruby/Gems/1.8/gems/actionpack-3.0.1/lib/action_dispatch/middleware/templates/rescues/routing_error.erb within rescues/layout (0.9ms)


Started GET "/users/sign_in" for 127.0.0.1 at Sat Dec 11 18:52:56 +0100 2010
  Processing by Devise::SessionsController#new as HTML
Rendered devise/shared/_links.erb (0.8ms)
Rendered devise/sessions/new.html.erb within layouts/application (7.2ms)
Completed 200 OK in 8ms (Views: 7.8ms | ActiveRecord: 0.0ms)


Started GET "/stylesheets/application.css?1292034951" for 127.0.0.1 at Sat Dec 11 18:52:57 +0100 2010

ActionController::RoutingError (No route matches "/stylesheets/application.css"):
  

Rendered /Library/Ruby/Gems/1.8/gems/actionpack-3.0.1/lib/action_dispatch/middleware/templates/rescues/routing_error.erb within rescues/layout (0.8ms)


Started GET "/stylesheets/jquery-ui.css?1292034951" for 127.0.0.1 at Sat Dec 11 18:52:57 +0100 2010

ActionController::RoutingError (No route matches "/stylesheets/jquery-ui.css"):
  

Rendered /Library/Ruby/Gems/1.8/gems/actionpack-3.0.1/lib/action_dispatch/middleware/templates/rescues/routing_error.erb within rescues/layout (0.8ms)


Started GET "/javascripts/jquery.js?1292034951" for 127.0.0.1 at Sat Dec 11 18:52:57 +0100 2010

ActionController::RoutingError (No route matches "/javascripts/jquery.js"):
  

Rendered /Library/Ruby/Gems/1.8/gems/actionpack-3.0.1/lib/action_dispatch/middleware/templates/rescues/routing_error.erb within rescues/layout (0.8ms)


Started GET "/javascripts/rails.js?1292034951" for 127.0.0.1 at Sat Dec 11 18:52:57 +0100 2010

ActionController::RoutingError (No route matches "/javascripts/rails.js"):
  

Rendered /Library/Ruby/Gems/1.8/gems/actionpack-3.0.1/lib/action_dispatch/middleware/templates/rescues/routing_error.erb within rescues/layout (0.9ms)


Started GET "/javascripts/application.js?1292034951" for 127.0.0.1 at Sat Dec 11 18:52:57 +0100 2010

ActionController::RoutingError (No route matches "/javascripts/application.js"):
  

Rendered /Library/Ruby/Gems/1.8/gems/actionpack-3.0.1/lib/action_dispatch/middleware/templates/rescues/routing_error.erb within rescues/layout (0.8ms)


Started GET "/javascripts/jquery-ui.js?1292034951" for 127.0.0.1 at Sat Dec 11 18:52:57 +0100 2010

ActionController::RoutingError (No route matches "/javascripts/jquery-ui.js"):
  

Rendered /Library/Ruby/Gems/1.8/gems/actionpack-3.0.1/lib/action_dispatch/middleware/templates/rescues/routing_error.erb within rescues/layout (0.8ms)


Started GET "/javascripts/highcharts.js?1292034951" for 127.0.0.1 at Sat Dec 11 18:52:57 +0100 2010

ActionController::RoutingError (No route matches "/javascripts/highcharts.js"):
  

Rendered /Library/Ruby/Gems/1.8/gems/actionpack-3.0.1/lib/action_dispatch/middleware/templates/rescues/routing_error.erb within rescues/layout (0.8ms)
